2025-07-30 01:36:24,204 - INFO - Размер страницы: 605342 символов
2025-07-30 01:36:24,204 - INFO - Найдено 'product-title' в HTML: 40
2025-07-30 01:36:24,365 - INFO - Найдено страниц каталога: 5
2025-07-30 01:36:24,365 - INFO - Обрабатываю страницу 1/5: https://aroma-euro.ru/perfume/
2025-07-30 01:36:24,696 - INFO - Размер страницы: 605342 символов
2025-07-30 01:36:24,697 - INFO - Найдено 'product-title' в HTML: 40
2025-07-30 01:36:24,811 - INFO - Найдено товаров на странице https://aroma-euro.ru/perfume/: 40
2025-07-30 01:36:25,818 - INFO - Обрабатываю страницу 2/5: https://aroma-euro.ru/perfume/?ysclid=mdp49dn5ev788498650&items_per_page=128
2025-07-30 01:36:26,631 - INFO - Размер страницы: 1469855 символов
2025-07-30 01:36:26,632 - INFO - Найдено 'product-title' в HTML: 132
2025-07-30 01:36:26,900 - INFO - Найдено товаров на странице https://aroma-euro.ru/perfume/?ysclid=mdp49dn5ev788498650&items_per_page=128: 132
2025-07-30 01:36:27,918 - INFO - Обрабатываю страницу 3/5: https://aroma-euro.ru/perfume/?ysclid=mdp49dn5ev788498650&items_per_page=16
2025-07-30 01:36:28,515 - INFO - Размер страницы: 419577 символов
2025-07-30 01:36:28,516 - INFO - Найдено 'product-title' в HTML: 20
2025-07-30 01:36:28,592 - INFO - Найдено товаров на странице https://aroma-euro.ru/perfume/?ysclid=mdp49dn5ev788498650&items_per_page=16: 20
2025-07-30 01:36:29,595 - INFO - Обрабатываю страницу 4/5: https://aroma-euro.ru/perfume/?ysclid=mdp49dn5ev788498650&items_per_page=32
2025-07-30 01:36:30,221 - INFO - Размер страницы: 570401 символов
2025-07-30 01:36:30,221 - INFO - Найдено 'product-title' в HTML: 36
2025-07-30 01:36:30,330 - INFO - Найдено товаров на странице https://aroma-euro.ru/perfume/?ysclid=mdp49dn5ev788498650&items_per_page=32: 36
2025-07-30 01:36:31,335 - INFO - Обрабатываю страницу 5/5: https://aroma-euro.ru/perfume/?ysclid=mdp49dn5ev788498650&items_per_page=64
2025-07-30 01:36:32,022 - INFO - Размер страницы: 870079 символов
2025-07-30 01:36:32,023 - INFO - Найдено 'product-title' в HTML: 68
2025-07-30 01:36:32,219 - INFO - Найдено товаров на странице https://aroma-euro.ru/perfume/?ysclid=mdp49dn5ev788498650&items_per_page=64: 68
2025-07-30 01:36:32,228 - INFO - Всего найдено уникальных товаров: 127
2025-07-30 01:36:32,229 - INFO - Данные сохранены в файл: enhanced_perfumes_with_factories.json
